<?xml version="1.0" encoding="UTF-8"?>
<!-- Generated by org.testng.reporters.JUnitReportReporter -->
<testsuite hostname="DESKTOP-UGO2P2A" failures="0" tests="1" name="testCases.basictest" time="9.543" errors="0" timestamp="2025-06-26T12:58:54 IST" skipped="0">
  <testcase classname="testCases.basictest" name="openWebsiteAndVerifyTitle" time="9.543"/>
</testsuite> <!-- testCases.basictest -->
